applymove,89.60958,-0.04521179,false
updateMarcas,928.676,6,16.26142
truepos,408.0,248.0
updateMarcas,928.676,6,16.26142
truepos,409.0,246.0
applymove,290.5123,-0.2672882,true
applymove,300.7017,-0.09507752,true
applymove,275.6224,0.1914902,false
applymove,-200.3802,0.2227402,false
applymove,0.005455017,77.86902,false
updateMarcas,1060.444,2,-8.845556
truepos,977.0,188.0
updateMarcas,1060.444,2,-9.097484
truepos,980.0,188.0
applymove,-0.2214384,11.62433,false
applymove,-0.2247114,10.66888,false
applymove,173.2108,0.06116867,false
updateMarcas,1102.691,4,9.984554
truepos,983.0,312.0
updateMarcas,1102.691,4,9.984554
truepos,984.0,312.0
applymove,244.009,-0.3264618,false
applymove,167.2015,-0.1057167,false
updateMarcas,741.2572,2,-44.07908
truepos,961.0,647.0
updateMarcas,836.6421,2,-44.07908
truepos,961.0,647.0
applymove,163.5439,0.0485344,false
updateMarcas,789.3685,4,18.756
truepos,953.0,784.0
updateMarcas,789.3685,4,18.48838
truepos,953.0,783.0
applymove,290.7741,-0.2666245,true
applymove,300.9624,-0.2539902,true
applymove,300.441,0.06382752,true
applymove,300.7017,-0.09507752,true
applymove,300.7017,-0.09507752,true
applymove,94.05144,0.1196804,false
applymove,-200.1194,0.06383133,false
applymove,-0.3359757,-98.09308,false
applymove,290.2526,0.2101059,true
applymove,35.52945,-0.2732716,false
applymove,-200.1194,0.06383133,false
applymove,0.03818131,-65.12966,false
updateMarcas,741.2572,2,13.43883
truepos,991.0,2089.0
updateMarcas,741.2572,2,13.68347
truepos,989.0,2090.0
updateMarcas,1184.672,6,-5.712202
truepos,991.0,2090.0
updateMarcas,1184.672,6,-5.712202
truepos,992.0,2088.0
applymove,0.2050762,-16.4016,false
applymove,191.7593,-0.07446672,false
updateMarcas,1102.691,3,-22.74771
truepos,1008.0,1915.0
applymove,75.50186,-0.06316376,false
updateMarcas,1102.691,3,-17.68053
truepos,1010.0,1854.0
applymove,27.16932,-0.2839089,false
updateMarcas,1144.101,6,15.68355
truepos,1011.0,1828.0
updateMarcas,1144.101,6,15.68355
truepos,1011.0,1827.0
applymove,290.7741,-0.1077118,true
applymove,124.8783,-0.1595764,false
updateMarcas,883.078,3,-29.07289
truepos,1007.0,1449.0
updateMarcas,883.078,3,-29.07289
truepos,1007.0,1448.0
applymove,195.9394,-0.06915283,false
updateMarcas,883.078,6,29.44671
truepos,999.0,1269.0
updateMarcas,836.6421,6,29.44671
truepos,997.0,1267.0
applymove,290.5133,0.05120087,true
applymove,300.4399,-0.254654,true
applymove,300.441,-0.09507752,true
applymove,300.9635,-0.09441376,true
applymove,169.0308,0.05585099,false
applymove,-200.1184,0.3823128,false
applymove,0.1930771,-96.18152,false
applymove,59.30411,-0.08377648,false
updateMarcas,973.4364,1,-21.85867
truepos,861.0,260.0
updateMarcas,973.4364,1,-21.85867
truepos,863.0,259.0
applymove,290.7741,-0.2666245,true
applymove,300.4399,-0.254654,true
applymove,236.1725,-0.01795196,false
applymove,-200.3812,-0.0957451,false
applymove,-0.1821671,-53.18685,false
updateMarcas,1060.444,5,-4.575442
truepos,333.0,385.0
updateMarcas,1102.691,5,-4.294384
truepos,333.0,384.0
applymove,-0.1614456,-47.13564,false
updateMarcas,1060.444,4,1.907324
truepos,307.0,388.0
updateMarcas,1102.691,4,1.907324
truepos,308.0,388.0
applymove,0.0,0.0,false
updateMarcas,1060.444,2,1.907324
truepos,308.0,386.0
applymove,0.0,0.0,false
applymove,290.7741,-0.1077118,true
applymove,0.5225079,6.648899E-4,false
updateMarcas,1017.359,4,6.958457
truepos,410.0,592.0
updateMarcas,1017.359,4,6.958457
truepos,410.0,591.0
applymove,75.76256,-0.2220745,false
applymove,-49.11575,-0.06249905,false
updateMarcas,1060.444,2,-31.80206
truepos,419.0,609.0
updateMarcas,1060.444,2,-31.80206
truepos,419.0,608.0
applymove,-148.1305,-0.02925491,false
applymove,224.938,-0.1914902,false
updateMarcas,928.676,4,15.31947
truepos,448.0,665.0
updateMarcas,928.676,4,14.39366
truepos,449.0,666.0
applymove,-200.1194,0.06383133,false
applymove,0.03818131,-65.12966,false
updateMarcas,1060.444,2,41.01827
truepos,355.0,558.0
updateMarcas,1060.444,2,41.32116
truepos,356.0,558.0
applymove,-0.06544972,-19.10904,false
updateMarcas,928.676,6,16.14133
truepos,357.0,568.0
updateMarcas,928.676,6,16.14133
truepos,360.0,567.0
applymove,-0.05017853,-14.65027,false
applymove,116.78,-0.01063919,false
applymove,-199.8576,0.223404,false
applymove,-0.3087082,-90.13098,false
applymove,290.5133,0.05120087,true
applymove,8.360127,0.01063824,false
applymove,-200.1194,0.06383133,false
applymove,0.254158,-78.34641,false
applymove,151.0037,-0.1263275,false
applymove,-200.3802,0.2227402,false
applymove,-0.1821671,99.36636,false
applymove,290.5133,0.05120087,true
applymove,210.8314,0.1090469,false
applymove,-200.1194,0.06383133,false
applymove,-0.1996231,94.27062,false
applymove,291.0358,-0.107048,true
applymove,300.1803,0.2227402,true
applymove,163.8046,-0.2692833,false
applymove,-200.1194,0.06383133,false
applymove,0.1810799,52.86835,false
updateMarcas,1102.691,2,22.15445
truepos,688.0,166.0
updateMarcas,1102.691,2,22.15445
truepos,688.0,165.0
applymove,-0.1112633,43.79122,false
applymove,77.06828,-0.3796559,false
updateMarcas,1102.691,4,4.756001
truepos,717.0,207.0
updateMarcas,1102.691,4,4.756001
truepos,718.0,207.0
applymove,43.36816,0.05518627,false
updateMarcas,1102.691,2,-28.73858
truepos,722.0,237.0
updateMarcas,1102.691,2,-28.73858
truepos,723.0,238.0
applymove,191.2368,-0.07513428,false
applymove,-53.81723,0.25,false
updateMarcas,1102.691,6,11.25229
truepos,740.0,340.0
applymove,-55.90726,0.2473412,false
updateMarcas,1102.691,4,13.92711
truepos,732.0,297.0
updateMarcas,1060.444,4,13.92711
truepos,731.0,297.0
applymove,-75.24115,-0.0957451,false
applymove,-13.3245,-0.1761966,false
applymove,-0.3817921,-35.19282,false
updateMarcas,1102.691,2,11.96685
truepos,702.0,246.0
updateMarcas,1102.691,2,12.44932
truepos,701.0,246.0
applymove,-0.1559906,-45.54322,false
updateMarcas,642.5213,6,14.90252
truepos,696.0,268.0
applymove,-0.2617994,-0.1595745,false
updateMarcas,642.5213,6,14.90252
truepos,695.0,269.0
applymove,-0.2967062,-10.35106,false
applymove,291.5573,-0.2659531,true
applymove,218.4062,-0.3590469,false
applymove,-200.6409,0.381649,false
applymove,0.2334366,-84.39762,false
applymove,163.0225,0.2074471,false
applymove,-200.1194,0.06383133,false
applymove,-0.08181763,-100.1629,false
applymove,289.4672,-0.2686157,true
applymove,-2.090032,-0.00265956,false
updateMarcas,1144.101,5,-50.74246
truepos,788.0,300.0
applymove,93.79072,0.2785912,false
updateMarcas,836.6421,1,-16.43183
truepos,714.0,319.0
updateMarcas,836.6421,1,-16.14412
truepos,714.0,320.0
applymove,290.5133,0.05120087,true
applymove,300.7028,0.0644989,true
applymove,48.59215,-0.256649,false
applymove,-200.1184,0.3823128,false
applymove,-0.1625366,-47.45412,false
updateMarcas,1017.359,5,-10.0542
truepos,338.0,412.0
updateMarcas,1060.444,5,-14.43183
truepos,339.0,413.0
applymove,-0.1352615,-39.49202,false
updateMarcas,1060.444,4,-10.92794
truepos,316.0,411.0
updateMarcas,1060.444,4,-10.92794
truepos,317.0,411.0
applymove,187.0568,-0.08045198,false
updateMarcas,973.4364,5,35.90252
truepos,347.0,555.0
updateMarcas,973.4364,5,36.15445
truepos,347.0,554.0
applymove,290.2515,-0.2672882,true
applymove,299.9174,-0.0957489,true
applymove,301.222,-0.890297,true
applymove,28.47614,-0.1230059,false
applymove,-200.1194,0.06383133,false
applymove,-0.1047211,-30.57447,false
updateMarcas,836.6421,2,-40.39429
truepos,494.0,1130.0
updateMarcas,836.6421,2,-40.39429
truepos,494.0,1130.0
applymove,-0.1799889,-52.54987,false
updateMarcas,1060.444,6,-40.0542
truepos,494.0,1130.0
updateMarcas,1060.444,6,-40.0542
truepos,494.0,1130.0
applymove,-0.02618027,-7.643617,false
applymove,189.93,-0.2360344,false
updateMarcas,741.2572,2,34.93487
truepos,494.0,1130.0
updateMarcas,741.2572,2,35.24577
truepos,494.0,1130.0
applymove,290.7762,0.5292511,true
applymove,82.29446,-0.05452156,false
updateMarcas,642.5213,6,-46.13138
truepos,951.0,1037.0
updateMarcas,642.5213,6,-45.82106
truepos,955.0,1039.0
applymove,228.0731,-0.1875,false
applymove,-200.3802,0.2227402,false
applymove,-0.1821671,-53.18685,false
applymove,0.1210823,-40.92487,false
applymove,290.2526,0.2101059,true
applymove,114.69,-0.01329804,false
applymove,-200.1194,0.06383133,false
applymove,0.370884,-44.26862,false
updateMarcas,928.676,1,-24.50463
truepos,972.0,861.0
updateMarcas,928.676,1,-24.50463
truepos,971.0,862.0
applymove,0.1647148,-28.18551,false
updateMarcas,1060.444,5,-36.01426
truepos,974.0,845.0
updateMarcas,1060.444,5,-36.01426
truepos,974.0,846.0
applymove,-0.3534298,-26.91224,false
applymove,50.42256,0.223404,false
applymove,68.18785,0.2460118,false
applymove,-200.1194,0.06383133,false
applymove,-0.08617592,-25.16024,false
updateMarcas,836.6421,4,-8.015446
truepos,1015.0,781.0
updateMarcas,789.3685,4,-14.55068
truepos,1014.0,782.0
applymove,0.05890274,-59.07846,false
applymove,291.0347,-0.4255295,true
applymove,106.068,-0.1835098,false
applymove,-200.3802,0.2227402,false
applymove,-0.5017853,82.32712,false
updateMarcas,1060.444,5,1.48838
truepos,1098.0,947.0
updateMarcas,1102.691,5,1.48838
truepos,1097.0,948.0