updateMarcas,973.4364,6,17.68783
truepos,350.0,247.0
updateMarcas,973.4364,6,17.68783
truepos,349.0,247.0
applymove,290.7741,-0.1077118,true
applymove,300.4399,-0.254654,true
applymove,302.2692,-0.2519989,true
applymove,32.1337,-0.118351,false
applymove,-199.8576,0.223404,false
applymove,-0.03709412,-87.10506,false
applymove,-200.1194,0.06383133,false
applymove,-0.254158,78.34641,false
applymove,186.2735,0.07779312,false
applymove,-200.1194,0.06383133,false
applymove,0.2519837,73.56981,false
updateMarcas,973.4364,2,10.91852
truepos,962.0,318.0
updateMarcas,1017.359,2,10.91852
truepos,961.0,318.0
applymove,0.02945233,8.59907,false
applymove,290.5133,0.05120087,true
applymove,163.8046,-0.2692833,false
applymove,-199.8576,0.223404,false
applymove,0.03599548,86.78658,false
applymove,-0.5126903,2.865692,false
updateMarcas,1144.101,5,-15.10731
truepos,1102.0,516.0
updateMarcas,1144.101,5,-15.10731
truepos,1101.0,516.0
applymove,0.03272486,9.554522,false
applymove,159.3638,-0.1156921,false
updateMarcas,973.4364,1,7.407603
truepos,975.0,556.0
updateMarcas,928.676,1,7.407603
truepos,975.0,554.0
applymove,195.4169,-0.06981278,false
applymove,-200.3802,0.2227402,false
applymove,0.08835602,102.0738,false
applymove,290.5133,0.05120087,true
applymove,300.441,0.06382752,true
applymove,8.881544,-0.3071809,false
applymove,-200.1184,0.3823128,false
applymove,-0.1996231,94.27062,false
applymove,290.7751,0.2107773,true
applymove,5.747587,0.007313848,false
applymove,-199.8588,-0.09507752,false
applymove,-0.083992,51.75332,false
updateMarcas,1060.444,2,25.17429
truepos,961.0,228.0
updateMarcas,1060.444,2,25.17429
truepos,963.0,231.0
applymove,-0.1723499,25.95612,false
applymove,125.4008,-0.1589088,false
updateMarcas,1184.672,5,59.62978
truepos,1007.0,310.0
updateMarcas,1184.672,5,59.62978
truepos,1008.0,310.0
applymove,236.1725,-0.01795196,false
updateMarcas,928.676,2,-7.10731
truepos,1071.0,489.0
updateMarcas,883.078,2,-7.10731
truepos,1070.0,488.0
applymove,192.8044,-0.07313538,false
applymove,-200.3802,0.2227402,false
applymove,-0.02944946,67.67752,false
updateMarcas,1184.672,5,-0.5922785
truepos,1104.0,491.0
updateMarcas,1144.101,5,-0.5922785
truepos,1104.0,491.0
applymove,-0.1985312,18.3125,false
applymove,92.74462,-0.04122353,false
applymove,82.29446,-0.05452156,false
applymove,93.78962,-0.03989411,false
updateMarcas,928.676,1,8.717942
truepos,905.0,586.0
updateMarcas,928.676,1,8.420138
truepos,905.0,585.0
applymove,147.8687,-0.1303177,false
applymove,-13.84701,-0.1768613,false
updateMarcas,1060.444,5,-27.62923
truepos,801.0,629.0
updateMarcas,1060.444,5,-27.62923
truepos,799.0,630.0
applymove,-184.4442,0.08377457,false
applymove,0.1668968,48.72806,false
updateMarcas,973.4364,1,-40.07908
truepos,946.0,597.0
updateMarcas,973.4364,1,-40.07908
truepos,945.0,595.0
applymove,-0.5988655,53.98205,false
applymove,290.2526,0.2101059,true
applymove,302.0052,-0.8896256,true
applymove,27.17041,0.03457356,false
applymove,-200.1194,0.06383133,false
applymove,0.03054047,85.19414,false
applymove,290.7751,0.2107773,true
applymove,92.22212,-0.04188728,false
applymove,-200.6409,0.381649,false
applymove,0.0,-76.2766,false
applymove,147.0855,0.02792359,false
applymove,-200.1194,0.06383133,false
applymove,-0.3490677,-101.9149,false
applymove,290.5133,0.05120087,true
applymove,300.9624,-0.2539902,true
applymove,300.1792,-0.0957489,true
applymove,134.5453,0.01196671,false
applymove,-200.3802,0.2227402,false
applymove,-0.1396294,-40.76596,false
updateMarcas,1060.444,5,-17.65087
truepos,338.0,435.0
updateMarcas,1060.444,5,-17.65087
truepos,339.0,435.0
applymove,0.1374455,-36.14761,false
applymove,58.5209,0.07446672,false
updateMarcas,1017.359,4,-17.44463
truepos,319.0,477.0
updateMarcas,1102.691,4,-17.44463
truepos,319.0,477.0
applymove,281.3678,-0.4381638,true
applymove,-0.5214171,0.3178192,false
updateMarcas,883.078,5,33.96725
truepos,337.0,703.0
updateMarcas,883.078,5,33.96725
truepos,337.0,704.0
applymove,290.2526,0.2101059,true
applymove,300.7017,-0.09507752,true
applymove,302.2692,0.06649018,true
applymove,160.1481,0.04454804,false
applymove,-200.3802,0.2227402,false
applymove,0.02290726,-69.58843,false
updateMarcas,928.676,2,-18.01426
truepos,374.0,1050.0
updateMarcas,928.676,2,-18.01426
truepos,374.0,1050.0
applymove,-0.3250675,-18.63165,false
applymove,100.3204,-0.1908245,false
applymove,-199.8576,0.223404,false
applymove,0.06762696,96.0226,false
applymove,290.7741,-0.1077118,true
applymove,300.7017,-0.09507752,true
applymove,252.3703,0.002662659,false
applymove,-200.1194,0.06383133,false
applymove,-0.244339,81.21277,false
applymove,248.7127,-0.001998901,false
applymove,-200.1194,0.06383133,false
applymove,-0.01309204,-80.09841,false
applymove,194.6337,0.0884285,false
applymove,-199.597,0.06449509,false
applymove,0.0,-76.2766,false
applymove,291.2955,-0.4255295,true
applymove,300.7017,-0.09507752,true
applymove,234.605,-0.01995087,false
applymove,-200.6409,0.381649,false
applymove,-0.3119812,-91.08644,false
applymove,-0.02072573,-6.051197,false
applymove,113.3831,-0.174202,false
updateMarcas,1144.101,3,-10.07315
truepos,846.0,2121.0
updateMarcas,1144.101,3,-10.07315
truepos,848.0,2119.0
applymove,120.6993,0.1535912,false
updateMarcas,789.3685,2,40.01827
truepos,856.0,2012.0
updateMarcas,789.3685,2,40.01827
truepos,856.0,2012.0
applymove,170.859,-0.1010628,false
updateMarcas,1144.101,6,12.57009
truepos,872.0,1857.0
updateMarcas,1144.101,6,12.57009
truepos,872.0,1860.0
applymove,109.9874,-0.0192833,false
updateMarcas,1017.359,3,-19.37332
truepos,880.0,1757.0
updateMarcas,1017.359,3,-19.37332
truepos,883.0,1756.0
applymove,266.478,0.02061462,false
updateMarcas,1017.359,6,26.13399
truepos,898.0,1544.0
updateMarcas,1060.444,6,26.34913
truepos,898.0,1544.0
applymove,290.5133,-0.1077118,true
applymove,300.1792,-0.0957489,true
applymove,300.4399,-0.254654,true
applymove,301.7467,-0.252655,true
applymove,300.7017,-0.09507752,true
applymove,136.1128,0.01396179,false
applymove,-199.597,0.06449509,false
applymove,0.0,-76.2766,false
applymove,290.2515,-0.1083756,true
applymove,300.4399,-0.254654,true
applymove,267.7837,-0.1369705,false
applymove,-200.3812,-0.0957451,false
applymove,0.05454254,92.2008,false
applymove,76.02436,-0.06250191,false
applymove,-200.3791,0.5412216,false
applymove,0.2508927,-79.30186,false
applymove,173.4716,-0.09774018,false
applymove,-199.8576,0.223404,false
applymove,-0.5246925,-76.91423,false
updateMarcas,1102.691,5,-18.29438
truepos,344.0,261.0
updateMarcas,1102.691,5,-18.57544
truepos,344.0,260.0
applymove,-0.0392704,-11.46543,false
applymove,290.2515,-0.1083756,true
applymove,115.2125,-0.01263428,false
applymove,-199.597,0.06449509,false
applymove,-0.4537888,96.34042,false
applymove,102.4116,0.1303177,false
applymove,-200.1194,0.06383133,false
applymove,0.06436157,95.06716,false
applymove,290.7741,-0.1077118,true
applymove,205.867,-0.05651474,false
applymove,-200.1194,0.06383133,false
applymove,0.2585297,75.48071,false
updateMarcas,883.078,6,-9.081482
truepos,431.0,269.0
updateMarcas,883.078,6,-9.337604
truepos,431.0,270.0
