applymove,60.34912,-0.08244705,false
updateMarcas,973.4364,6,11.26142
truepos,378.0,255.0
applymove,290.2526,0.05120087,true
applymove,15.67524,0.01994658,false
applymove,290.7741,-0.2666245,true
applymove,299.9185,0.06316376,true
applymove,8.098328,-0.1489363,false
applymove,-200.3802,0.2227402,false
applymove,0.2301636,67.20013,false
updateMarcas,1060.444,2,3.174288
truepos,969.0,224.0
applymove,-0.4079705,33.44016,false
applymove,162.2382,0.04720688,false
updateMarcas,1102.691,4,4.89269
truepos,980.0,329.0
applymove,256.5492,-0.3105011,false
applymove,117.3025,-0.009975434,false
updateMarcas,836.6421,2,-44.38356
truepos,944.0,630.0
applymove,189.6682,-0.3956108,false
updateMarcas,789.3685,4,14.0831
truepos,927.0,789.0
applymove,291.0347,-0.2659531,true
applymove,283.9826,0.2021255,true
applymove,-0.001090854,-0.3184841,false
applymove,148.1305,0.02925491,false
applymove,-200.3802,0.2227402,false
applymove,0.1636238,47.77261,false
updateMarcas,928.676,5,22.87593
truepos,904.0,1266.0
applymove,0.1494446,43.63231,false
applymove,0.01090837,3.18484,false
applymove,59.82661,-0.08311272,false
applymove,-0.2607086,0.1589096,false
updateMarcas,928.676,1,19.9112
truepos,861.0,1281.0
applymove,-29.78186,0.2805853,false
applymove,-169.0308,-0.05585099,false
applymove,0.09817506,28.66356,false
updateMarcas,836.6421,3,23.42014
truepos,1030.0,1321.0
applymove,0.7035866,52.86901,false
updateMarcas,883.078,6,21.68355
truepos,1003.0,1339.0
applymove,-0.2410736,5.891623,false
applymove,290.5133,-0.1077118,true
applymove,300.4399,-0.254654,true
applymove,300.7017,-0.09507752,true
applymove,301.7467,-0.09375,true
applymove,257.5953,0.009307862,false
applymove,-200.1194,0.06383133,false
applymove,-0.2607079,76.4355,false
applymove,143.1672,0.1821823,false
applymove,-200.1184,0.3823128,false
applymove,0.1658058,48.40957,false
updateMarcas,1060.444,2,37.83672
truepos,946.0,243.0
applymove,-0.4134235,31.84774,false
updateMarcas,1144.101,4,40.62978
truepos,956.0,234.0
applymove,172.1658,0.05984116,false
updateMarcas,973.4364,2,4.652546
truepos,1021.0,351.0
applymove,212.3979,-0.2074509,false
applymove,-200.642,0.06316376,false
applymove,-0.080719,52.70878,false
updateMarcas,1102.691,4,-9.815856
truepos,1056.0,356.0
updateMarcas,1184.672,5,13.51755
truepos,1056.0,356.0
applymove,0.03490734,10.19149,false
updateMarcas,1102.691,4,-35.60635
truepos,1072.0,362.0
applymove,0.0,0.0,false
applymove,128.2752,0.003990174,false
updateMarcas,1184.672,5,-14.12855
truepos,986.0,425.0
applymove,43.62887,-0.1037235,false
updateMarcas,973.4364,1,20.72971
truepos,959.0,446.0
applymove,136.3735,-0.1449471,false
applymove,-200.1194,0.06383133,false
applymove,0.03382111,86.1496,false
applymove,290.2515,-0.2672882,true
applymove,234.3421,-0.4980011,false
applymove,-200.3802,0.2227402,false
applymove,0.2737961,79.9395,false
applymove,194.373,0.2473374,false
applymove,-200.6409,0.381649,false
applymove,-0.4363251,101.4362,false
applymove,177.6516,-0.0924225,false
updateMarcas,1017.359,2,14.40772
truepos,860.0,336.0
applymove,291.2966,-0.2659531,true
applymove,113.3831,-0.174202,false
applymove,-200.1194,0.06383133,false
applymove,-0.2476196,80.25731,false
applymove,57.99838,0.07380295,false
updateMarcas,1060.444,4,-19.01545
truepos,1000.0,481.0
updateMarcas,1144.101,5,7.517548
truepos,999.0,480.0
applymove,290.5123,-0.2672882,true
applymove,195.4169,-0.06981278,false
applymove,-48.59324,-0.06183434,false
applymove,-119.3925,0.00731659,false
updateMarcas,883.078,4,-25.31645
truepos,848.0,699.0
applymove,-35.79125,0.1136971,false
applymove,-0.1134453,43.15426,false
applymove,0.2705262,2.707447,false
applymove,0.01636243,4.777261,false
updateMarcas,1060.444,5,-38.44463
truepos,882.0,699.0
applymove,-0.2563452,1.432846,false
updateMarcas,1060.444,3,-39.62923
truepos,883.0,700.0
applymove,0.01527166,4.458777,false
updateMarcas,1102.691,5,-43.56005
truepos,882.0,700.0
applymove,0.6065026,24.52394,false
updateMarcas,928.676,1,-29.59228
truepos,883.0,714.0
applymove,-0.2563452,1.432846,false
applymove,-200.3802,0.2227402,false
applymove,-0.2039852,16.72008,false
applymove,-0.01199722,72.77327,false
applymove,290.5133,0.05120087,true
applymove,91.6996,-0.04255295,false
applymove,-200.1184,0.3823128,false
applymove,0.566147,89.01662,false
updateMarcas,836.6421,2,50.17101
truepos,1033.0,627.0
applymove,0.0185442,5.414229,false
applymove,114.1674,-0.01396561,false
applymove,-200.1194,0.06383133,false
applymove,-0.04799652,62.2633,false
applymove,0.1112652,32.48538,false
applymove,37.62057,0.04787255,false
applymove,136.896,-0.1442833,false
updateMarcas,883.078,4,-13.31645
truepos,942.0,699.0
applymove,168.5072,-0.2632981,false
updateMarcas,1060.444,5,23.02546
truepos,876.0,826.0
applymove,-200.1194,0.06383133,false
applymove,0.1221733,35.67021,false
updateMarcas,973.4364,1,21.69606
truepos,969.0,688.0
applymove,0.2170754,63.37833,false
applymove,128.0134,-0.1555862,false
applymove,-200.1194,0.06383133,false
applymove,0.3087082,90.13098,false
applymove,290.7751,0.05186463,true
applymove,3.395757,-0.1549203,false
applymove,-200.1206,-0.254654,false
applymove,0.03382111,86.1496,false
applymove,143.4279,0.02327347,false
applymove,-76.02436,0.06250191,false
applymove,-0.5225079,-6.648899E-4,false
updateMarcas,692.3081,2,43.14556
truepos,1058.0,693.0
applymove,-123.0501,0.002658844,false
applymove,0.0785408,22.93085,false
applymove,-0.2443459,4.93617,false
updateMarcas,1144.101,5,90.20642
truepos,973.0,630.0
applymove,-0.3817902,41.08378,false
updateMarcas,1017.359,1,84.48984
truepos,997.0,621.0
applymove,0.09926606,28.98205,false
applymove,152.833,0.03523636,false
applymove,118.87,-0.007976532,false
updateMarcas,1060.444,5,18.66802
truepos,884.0,815.0
applymove,-199.8576,0.223404,false
applymove,0.1058102,30.89296,false
updateMarcas,973.4364,1,21.43883
truepos,990.0,685.0
