applymove,51.989,-0.0930853,false
updateMarcas,973.4364,6,12.69844
truepos,385.0,246.0
applymove,290.5123,-0.2672882,true
applymove,300.7017,-0.09507752,true
applymove,298.0892,-0.09840394,true
applymove,-2.090032,-0.00265956,false
applymove,-200.6409,0.381649,false
applymove,0.2596169,75.7992,false
updateMarcas,1060.444,2,-4.337604
truepos,960.0,185.0
applymove,-0.2388921,6.52859,false
applymove,290.7751,0.05186463,true
applymove,50.16076,0.06382942,false
applymove,149.698,0.03125,false
applymove,217.6229,-0.200798,false
applymove,-199.8598,-0.4135628,false
applymove,-0.08181763,-100.1629,false
applymove,84.9059,-0.3696804,false
applymove,-199.8576,0.223404,false
applymove,-0.009819032,-79.14295,false
applymove,290.5133,0.05120087,true
applymove,300.4399,-0.4135666,true
applymove,99.01472,-0.03324509,false
applymove,-200.3802,0.2227402,false
applymove,0.01309204,80.09841,false
applymove,290.7741,-0.1077118,true
applymove,4.180063,0.00531912,false
applymove,-200.1194,0.06383133,false
applymove,0.05454254,92.2008,false
applymove,71.3218,-0.06848336,false
applymove,211.6146,-0.04920197,false
updateMarcas,1060.444,4,42.62978
truepos,1060.0,401.0
updateMarcas,1017.359,2,2.131493
truepos,1059.0,401.0
applymove,141.3379,0.02061081,false
applymove,-199.597,0.06449509,false
applymove,0.2421646,70.70345,false
updateMarcas,1102.691,4,-30.38363
truepos,1074.0,361.0
applymove,0.001090854,0.3184841,false
applymove,-0.1636238,28.50399,false
applymove,77.33008,-0.2200813,false
updateMarcas,1184.672,5,-35.07908
truepos,1026.0,391.0
applymove,86.21382,0.1097069,false
updateMarcas,1017.359,1,-6.650867
truepos,957.0,408.0
applymove,21.94643,0.3464098,false
applymove,162.2382,0.04720688,false
applymove,-200.1184,0.3823128,false
applymove,0.03926849,-64.81118,false
applymove,0.0,0.0,false
updateMarcas,1060.444,4,0.4076028
truepos,938.0,383.0
applymove,-0.272708,-3.344415,false
updateMarcas,1184.672,5,28.57009
truepos,937.0,382.0
updateMarcas,1060.444,4,2.274683
truepos,936.0,383.0
updateMarcas,1184.672,5,28.57009
truepos,936.0,384.0
applymove,-0.2617994,-0.1595745,false
updateMarcas,1060.444,4,2.274683
truepos,937.0,383.0
updateMarcas,1184.672,5,28.57009
truepos,936.0,383.0
applymove,0.179987,-23.72673,false
updateMarcas,1060.444,4,25.91852
truepos,924.0,386.0
applymove,171.1208,0.05851364,false
updateMarcas,836.6421,2,-13.51162
truepos,968.0,517.0
applymove,291.0347,-0.2666245,true
applymove,37.88237,0.2074461,false
applymove,240.0908,-0.1722031,false
applymove,-200.3812,-0.0957451,false
applymove,0.254158,-78.34641,false
applymove,119.1307,-0.1668892,false
applymove,-200.3812,-0.0957451,false
applymove,-0.2585297,-75.48071,false
applymove,291.0347,-0.2666245,true
applymove,300.4399,-0.254654,true
applymove,300.1792,-0.0957489,true
applymove,58.7816,-0.08444214,false
applymove,-200.1194,0.06383133,false
applymove,0.254158,-78.34641,false
applymove,291.0347,-0.2666245,true
applymove,181.0474,-0.2473412,false
applymove,-200.6409,0.381649,false
applymove,-0.1636238,-47.77261,false
updateMarcas,1060.444,1,-9.434216
truepos,901.0,184.0
applymove,-0.1156292,-33.75931,false
updateMarcas,1184.672,5,1.542844
truepos,901.0,184.0
updateMarcas,1184.672,4,1.926848
truepos,901.0,184.0
updateMarcas,1184.672,5,0.6025734
truepos,901.0,184.0
applymove,-0.2617994,-0.1595745,false
updateMarcas,1017.359,1,23.62668
truepos,901.0,184.0
applymove,0.2607086,-0.1589096,false
updateMarcas,1184.672,5,1.926848
truepos,901.0,184.0
applymove,-0.0578146,-16.87965,false
applymove,179.2192,-0.09042358,false
updateMarcas,1102.691,4,-6.440558
truepos,846.0,284.0
applymove,126.9694,0.1615715,false
updateMarcas,1144.101,5,23.24577
truepos,830.0,381.0
applymove,25.60289,0.1914892,false
applymove,-200.3812,-0.0957451,false
applymove,-0.1308994,38.05851,false
updateMarcas,973.4364,1,11.01531
truepos,870.0,257.0
applymove,-0.3948803,37.26197,false
applymove,290.7741,-0.1077118,true
applymove,300.4399,-0.254654,true
applymove,246.1002,-0.005317688,false
applymove,-200.1194,0.06383133,false
applymove,0.03382111,86.1496,false
applymove,290.2515,-0.1083756,true
applymove,12.8009,-0.1429522,false
applymove,-200.1184,0.3823128,false
applymove,0.080719,99.84442,false
updateMarcas,1017.359,6,11.756
truepos,278.0,295.0
applymove,0.01527166,4.458777,false
applymove,291.0358,0.05252075,true
applymove,18.81029,0.02393627,false
applymove,290.5123,-0.2672882,true
applymove,300.441,0.06382752,true
applymove,119.1307,-0.1668892,false
applymove,-200.1194,0.06383133,false
applymove,0.003273011,77.23204,false
updateMarcas,1060.444,2,-5.316448
truepos,971.0,209.0
applymove,0.03490734,10.19149,false
applymove,290.7741,-0.2666245,true
applymove,30.30546,0.03856373,false
applymove,291.0358,0.05186463,true
applymove,300.441,0.06382752,true
applymove,98.49112,-0.3523941,false
applymove,-199.8588,-0.09507752,false
applymove,-0.2247114,10.66888,false
updateMarcas,789.3685,4,33.62668
truepos,1110.0,861.0
applymove,0.08944894,26.11569,false
updateMarcas,1102.691,5,32.42014
truepos,1124.0,862.0
applymove,0.1876221,54.77925,false
updateMarcas,1102.691,1,15.4116
truepos,1148.0,883.0
applymove,-0.2432552,5.254654,false
applymove,167.9858,0.05452347,false
updateMarcas,1060.444,5,-27.65087
truepos,1005.0,905.0
applymove,157.0131,0.04055786,false
updateMarcas,883.078,1,13.84536
truepos,869.0,922.0
applymove,-199.8576,0.223404,false
applymove,-0.2334366,84.39762,false
applymove,290.5133,0.05120087,true
applymove,300.9635,-0.09441376,true
applymove,300.1792,-0.0957489,true
applymove,119.9139,-0.3251343,false
applymove,-200.3812,-0.0957451,false
applymove,0.244339,-81.21277,false
applymove,290.7741,0.05186463,true
applymove,300.1792,-0.0957489,true
applymove,209.0021,-0.05252457,false
applymove,-200.1194,0.06383133,false
applymove,-0.4832383,-64.81185,false
updateMarcas,1102.691,5,-6.504675
truepos,328.0,315.0
