applymove,35.00804,0.04454804,false
updateMarcas,973.4364,6,16.13398
truepos,363.0,236.0
applymove,290.7741,-0.2666245,true
applymove,300.7017,-0.2539902,true
applymove,300.441,-0.09507752,true
applymove,20.1171,0.1848402,false
applymove,-200.3812,-0.0957451,false
applymove,0.2748947,80.25798,false
updateMarcas,1102.691,2,-3.316448
truepos,969.0,166.0
applymove,0.2607086,-0.1589096,false
applymove,0.3294316,19.90558,false
updateMarcas,1144.101,4,7.831903
truepos,967.0,167.0
applymove,50.68327,0.06449414,false
updateMarcas,1060.444,2,-24.07289
truepos,976.0,200.0
applymove,290.773,-0.4255295,true
applymove,102.4116,0.1303177,false
applymove,76.28616,0.0970726,false
updateMarcas,1017.359,4,14.9112
truepos,952.0,566.0
applymove,100.5822,-0.03125,false
updateMarcas,836.6421,2,-38.13138
truepos,949.0,651.0
applymove,181.571,0.07180786,false
updateMarcas,741.2572,4,20.25229
truepos,941.0,807.0
applymove,291.0347,-0.2666245,true
applymove,300.1792,0.06382752,true
applymove,300.1792,-0.0957489,true
applymove,302.0052,-0.8896256,true
applymove,300.441,0.06382752,true
applymove,67.40245,-0.2327118,false
applymove,-199.8588,-0.09507752,false
applymove,0.2410736,-82.16821,false
applymove,291.0358,-0.107048,true
applymove,41.27922,0.3710108,false
applymove,-200.1194,0.06383133,false
applymove,0.007637025,-74.0472,false
updateMarcas,789.3685,2,4.616442
truepos,995.0,2117.0
applymove,-0.09272194,-27.07115,false
applymove,274.837,-0.2872315,false
updateMarcas,1060.444,3,-11.30567
truepos,1005.0,1874.0
applymove,88.82526,-0.205452,false
applymove,28.73794,0.03656864,false
updateMarcas,1102.691,6,23.68347
truepos,1003.0,1769.0
applymove,291.0358,-0.107048,true
applymove,21.42174,-0.2912235,false
updateMarcas,836.6421,3,-15.20914
truepos,981.0,1486.0
applymove,154.4016,0.3557167,false
updateMarcas,973.4364,6,33.02546
truepos,967.0,1347.0
applymove,290.7741,-0.1077118,true
applymove,300.7017,-0.09507752,true
applymove,225.9841,0.1283188,false
applymove,-199.597,0.06449509,false
applymove,0.01527023,-71.81782,false
updateMarcas,973.4364,1,-8.561174
truepos,923.0,773.0
applymove,-0.1058102,-30.89296,false
updateMarcas,1102.691,5,-18.44445
truepos,920.0,753.0
applymove,61.13235,-0.2406922,false
applymove,-0.5225079,-6.648899E-4,false
applymove,-199.8576,0.223404,false
applymove,-0.1047211,-30.57447,false
applymove,-0.0272708,-7.962101,false
updateMarcas,928.676,4,-9.429912
truepos,1017.0,696.0
applymove,0.6730423,-32.32513,false
updateMarcas,692.3081,2,-33.20848
truepos,999.0,694.0
applymove,0.4079705,-33.44016,false
applymove,291.5573,-0.2659531,true
applymove,11.49517,0.0146277,false
applymove,-200.1194,0.06383133,false
applymove,-0.2912522,-85.03524,false
applymove,142.9054,0.0226059,false
applymove,-199.8576,0.223404,false
applymove,-0.09490968,-103.9847,false
applymove,247.6677,-0.003326416,false
applymove,-200.1194,0.06383133,false
applymove,-0.1330814,-38.85505,false
updateMarcas,973.4364,1,-6.801036
truepos,1013.0,796.0
applymove,-0.1472626,-42.99535,false
updateMarcas,1102.691,5,-2.680535
truepos,1005.0,772.0
applymove,0.454876,-19.74535,false
updateMarcas,836.6421,4,-14.51343
truepos,996.0,766.0
applymove,-0.0098176,-2.866357,false
applymove,160.9314,-0.1136971,false
updateMarcas,1060.444,5,28.79152
truepos,916.0,878.0
applymove,291.2966,-0.2659531,true
applymove,205.3445,-0.05718231,false
applymove,-200.3802,0.2227402,false
applymove,0.2148934,62.74136,false
updateMarcas,836.6421,1,19.02546
truepos,774.0,1119.0
applymove,-0.2050762,16.4016,false
applymove,290.7751,0.2107773,true
applymove,303.0524,-0.2513275,true
applymove,135.3285,-0.1462746,false
applymove,-200.3802,0.2227402,false
applymove,-0.2268906,86.30852,false
applymove,290.2526,0.05120087,true
applymove,300.7017,-0.2539902,true
applymove,299.9185,-0.0957489,true
applymove,167.2004,-0.424202,false
applymove,-200.3802,0.2227402,false
applymove,-0.3097954,62.10372,false
updateMarcas,883.078,6,31.17102
truepos,493.0,284.0
applymove,-0.2061663,16.08311,false
applymove,289.729,-0.1090469,true
applymove,301.222,-0.7313843,true
applymove,176.0841,-0.09441376,false
applymove,-200.1194,0.06383133,false
applymove,0.4068833,42.51796,false
updateMarcas,1060.444,2,31.51755
truepos,967.0,245.0
applymove,-0.3752442,42.99468,false
updateMarcas,1144.101,4,24.026
truepos,984.0,229.0
applymove,136.896,-0.1442833,false
updateMarcas,973.4364,2,-12.07289
truepos,1002.0,332.0
applymove,60.61093,0.07712746,false
applymove,289.9908,-0.1083756,true
applymove,140.2918,-0.299202,false
updateMarcas,883.078,4,40.51755
truepos,1075.0,728.0
applymove,290.7741,-0.1077118,true
applymove,131.9327,0.008644104,false
applymove,-199.8576,0.223404,false
applymove,-0.2945252,-85.9907,false
applymove,80.46622,0.1023922,false
applymove,-199.8588,-0.09507752,false
applymove,-0.3294296,-96.18218,false
applymove,-0.2759803,-4.299867,false
applymove,290.5133,0.05120087,true
applymove,302.2692,-0.09308624,true
applymove,8.621928,0.1702127,false
applymove,-199.8588,-0.09507752,false
applymove,-0.2508927,79.30186,false
applymove,290.2515,-0.1083756,true
applymove,29.78296,0.03789902,false
applymove,-200.1194,0.06383133,false
applymove,-0.02726746,-84.2387,false
applymove,291.2955,-0.4255295,true
applymove,300.441,0.06382752,true
applymove,57.4748,-0.2453461,false
applymove,-200.1194,0.06383133,false
applymove,0.0,-76.2766,false
updateMarcas,973.4364,1,-19.85867
truepos,870.0,255.0
applymove,0.4276047,-27.70745,false
updateMarcas,1184.672,5,-17.11817
truepos,862.0,240.0
applymove,290.2515,-0.2672882,true
applymove,70.7993,-0.06914902,false
applymove,-200.642,0.06316376,false
applymove,-0.1734428,-50.63896,false
updateMarcas,1102.691,4,2.446705
truepos,731.0,309.0
applymove,0.2530726,-2.388298,false
applymove,0.1865311,-21.81583,false
updateMarcas,1017.359,2,-10.43422
truepos,717.0,316.0
updateMarcas,1102.691,4,25.83673
truepos,719.0,316.0
applymove,49.37646,-0.0964098,false
updateMarcas,1060.444,2,-8.680534
truepos,734.0,348.0
applymove,30.04366,-0.1210108,false
applymove,-200.1194,0.06383133,false
applymove,0.1756229,-25.00067,false
updateMarcas,692.3081,6,-25.5924
truepos,666.0,243.0
applymove,0.02399826,-69.26995,false
applymove,291.0347,-0.2666245,true
applymove,47.28642,-0.09906864,false
applymove,-199.8588,-0.09507752,false
applymove,0.1876221,54.77925,false
updateMarcas,1060.444,2,42.57009
truepos,764.0,205.0
applymove,-0.2443459,4.93617,false
applymove,0.09926606,28.98205,false
updateMarcas,1144.101,4,43.60257
truepos,774.0,193.0
applymove,148.653,0.02992249,false
updateMarcas,1017.359,2,5.319466
truepos,837.0,284.0
applymove,290.5133,-0.1077118,true
applymove,300.4399,-0.254654,true
applymove,17.50347,-0.1369681,false
applymove,-200.3802,0.2227402,false
applymove,0.1308994,38.21809,false
updateMarcas,973.4364,4,17.90732
truepos,1041.0,557.0
